<?xml version="1.0" encoding="UTF-8"?>
<!-- Generated by org.testng.reporters.JUnitReportReporter -->
<testsuite hostname="Kripalu-Kunj" failures="0" tests="1" name="selenium.RelativeLocatorTest" time="14.065" errors="0" timestamp="2024-10-07T05:53:40 IST" skipped="0">
  <testcase classname="selenium.RelativeLocatorTest" name="zipCodeTest" time="14.065"/>
  <system-out/>
</testsuite> <!-- selenium.RelativeLocatorTest -->
