<?xml version="1.0" encoding="UTF-8"?>
<!-- Generated by org.testng.reporters.JUnitReportReporter -->
<testsuite hostname="Kripalu-Kunj" failures="0" tests="1" name="selenium.ConfigurationAnnotation_1" time="0.006" errors="0" timestamp="2024-10-07T22:21:19 IST" skipped="0">
  <testcase classname="selenium.ConfigurationAnnotation_1" name="test1" time="0.006"/>
  <system-out/>
</testsuite> <!-- selenium.ConfigurationAnnotation_1 -->
