<?xml version="1.0" encoding="UTF-8"?>
<!-- Generated by org.testng.reporters.JUnitReportReporter -->
<testsuite hostname="Kripalu-Kunj" failures="0" tests="3" name="selenium.ConfigurationAnnotation_2_ListBox" time="0.012" errors="0" timestamp="2024-10-10T21:31:43 IST" skipped="0">
  <testcase classname="selenium.ConfigurationAnnotation_2_ListBox" name="test1" time="0.006"/>
  <system-out/>
  <testcase classname="selenium.ConfigurationAnnotation_2_ListBox" name="test3" time="0.003"/>
  <system-out/>
  <testcase classname="selenium.ConfigurationAnnotation_2_ListBox" name="test2" time="0.003"/>
  <system-out/>
</testsuite> <!-- selenium.ConfigurationAnnotation_2_ListBox -->
